Case #1:
0.5
0.5
0.5
Case #2:
0.64583333333333
0.36805555555556
0.60416666666667
0.39583333333333
Case #3:
0.56391353286815
0.5266315002857
0.55008121542477
0.43874422342178
0.46591851259021
0.43529581017152
0.48101866960701
0.51936647057047
0.44137366965657
0.51876055728097
0.46262133659278
0.42231703008692
0.45899007683234
0.52482241271135
0.62660303182256
0.50280019289022
0.57018042568503
0.50028959273751
0.47547639988612
0.58057368750077
0.40260710146928
0.54253420255991
0.57180613586206
0.51496666585896
0.52375397865272
0.4679771077938
0.37704153761839
0.55826598157
0.47129532155405
0.49212509551502
0.58790756091351
0.40808957006197
0.48574085890611
0.52732747110994
0.54458080465335
0.58032424464078
0.51041005523936
0.49708782554427
0.48379457864099
0.44130239421974
0.41428591300908
0.45809845161343
0.46482910568076
0.48632099776693
0.55126798364307
0.51935676736458
0.49460132351833
0.55640029599896
0.55915884147418
0.55791684901954
0.63524522998659
0.48296184372185
0.49500849788858
0.49578476442946
0.54025396090101
0.54053629188572
0.49942027378486
0.4632426242038
0.45285257737804
0.45662301336781
0.43390709122098
Case #4:
0.39076664896546
0.53692277091937
0.46374479463108
0.48631294205787
0.51145795521257
0.46467336631405
0.51103251315963
0.51071088789732
0.43586539361451
0.43195654145396
0.55853375907804
0.51348982175218
0.50155927740324
0.43531421568137
0.40270951916091
0.45481400877361
0.45184963922913
0.50872935557465
0.49694789658926
0.55150901801534
0.50473678965196
0.59015798314591
0.57133215766929
0.50412720998693
0.47014873569116
0.57739970612694
0.53836637621714
0.530419640233
0.53568289482726
Case #5:
0.31133333333333
0.55001116071429
0.38426008597884
0.51068452380952
0.50489500661376
0.50322833994709
0.62841765873016
0.45446825396825
0.48731051587302
0.48780588624339
0.66627621882086
0.39653273809524
Case #6:
0.55064291030537
0.45681341015859
0.50104859016953
0.52922964730278
0.54879305119256
0.51908602433972
0.38813734847079
0.52702603847612
0.52265051455382
0.49793230542915
0.55631829934055
0.43692751840718
0.44987429098764
0.47113551377412
0.46013499645965
0.52410944196669
0.53516346344834
0.47522708275695
0.52986057306759
0.43477416252587
0.52705795372627
0.54966311988436
0.52759818641633
0.55327343567066
0.54941082477237
0.57205570401758
0.50692843582303
0.52834264355425
0.46240157080301
0.53171325106565
0.47050893438212
0.50046959118386
0.48450957845238
0.52500528877732
0.40446275538242
0.57533434874563
0.48641260513598
0.42985988724217
0.54675358323942
0.53965865204474
0.48930801703037
0.45163148018937
0.49694800011211
0.56285603021096
0.52920874009148
0.47249946248681
0.53887821708316
0.51491491330161
0.45096310303572
0.54937824344728
0.48451681134395
0.52371048524404
0.4596883404186
0.48408843596158
0.48314860647088
0.4930004890737
0.50554280696139
0.44651075677926
0.5214303957087
0.53966817814286
0.48756903792681
0.51145733247135
0.45087416426498
0.43591735385937
0.47312089180623
0.53592943912634
0.39241946262068
0.47143925369398
0.55184553053105
0.45515535389791
0.52554198859791
0.48656952399328
0.53191964289952
0.49246350932946
0.54208760814547
0.46662602871996
0.48751638705792
Case #7:
0.50853077553655
0.52187854097569
0.53737057816454
0.5262935613403
0.52060634835105
0.44120704050684
0.50075843004304
0.46949844315045
0.47136909036035
0.51858713937612
0.55141753006472
0.46375822239779
0.52693406276215
0.51350481817601
0.53750032509858
0.48456916024736
0.52507205352707
0.5284870573732
0.53672425079947
0.49145302642103
0.53529470481601
0.4095391510715
0.46414131160104
0.4865239859017
0.46967523027962
0.49801368925408
0.45447425263869
0.53572035124602
0.46401923701183
0.50747905322116
0.45567554340154
0.53591341536015
0.43738138582932
0.5307057741337
0.51455570468704
0.38555154879447
0.50440703130048
0.5177255544356
0.53621839424198
0.50100810919716
0.55028044535785
0.49088919756945
0.55445056098581
0.54528936656604
0.45478485656639
0.52126944599034
0.49876030980971
0.52013942554773
0.46195090379181
0.46580429091639
0.40230316286001
0.50992829944478
0.39139976427142
0.42557116395592
0.52275311557426
0.54639967875301
0.54626621759898
0.54581278312022
0.54939340806111
0.49864170708981
0.50829688074429
0.39954965574577
0.53238534656086
0.50468177194794
0.49052331058692
0.52573487616123
0.49694729447316
0.55012922621178
0.50593871908616
0.5284645395233
Case #8:
0.30208333333333
0.59791666666667
0.40416666666667
0.40416666666667
0.48958333333333
0.7625
0.16666666666667
0.48958333333333
0.47083333333333
0.49479166666667
0.48611111111111
0.52777777777778
0.21527777777778
0.58333333333333
0.70694444444444
0.625
0.38888888888889
0.41319444444444
0.55208333333333
0.60416666666667
0.36666666666667
0.36458333333333
0.75
0.48194444444444
0.46666666666667
0.63541666666667
0.37962962962963
0.75694444444444
0.63541666666667
0.54513888888889
0.37777777777778
0.70833333333333
0.29444444444444
0.75972222222222
0.44791666666667
0.28125
0.40625
0.75
0.51666666666667
0.29166666666667
0.67604166666667
0.50347222222222
0.53263888888889
0.39635416666667
0.47638888888889
0.025
0.21875
0.54427083333333
0.26979166666667
0.49166666666667
0.4775
0.65729166666667
0.62037037037037
0.72916666666667
0.52083333333333
0.41666666666667
0.58333333333333
0.34895833333333
0.58611111111111
0.53194444444444
0.70416666666667
0.56759259259259
0.32916666666667
0.41527777777778
0.65833333333333
0.57013888888889
0.69010416666667
0.57986111111111
0.52222222222222
0.2875
0.5625
0.45833333333333
0.66944444444444
0.82291666666667
0.49861111111111
0.5296875
0.27986111111111
0.17916666666667
0.72916666666667
0.36111111111111
0.30902777777778
0.35
0.35972222222222
0.775
0.98333333333333
0.528125
0.44166666666667
0.83333333333333
0.16145833333333
0.5837962962963
0.54097222222222
0.365625
0.83333333333333
0.47222222222222
0.55416666666667
0.43333333333333
0.79583333333333
0.4125
0.45625
0.3625
Case #9:
0.41666666666667
0.30729166666667
0.80729166666667
0.60069444444444
0.42708333333333
0.65277777777778
0.54513888888889
0.5625
0.44444444444444
0.18229166666667
Case #10:
0.38690339953685
0.43700745189199
0.5356172428123
0.57412765067861
0.49872437731096
0.51242248873898
0.51692324761215
0.45624463590504
0.41600358042906
0.52597606582215
0.52084012796857
0.54514352012597
0.4781581846444
0.51469701551296
0.49166278496194
0.45816843895226
0.53062779636381
0.53291347944084
0.56258086835663
0.41025662362227
0.55178442812959
0.40545061013815
0.45226721248806
0.56647506157247
0.54344483716615
0.54413508248887
0.45626618176546
0.51324882557845
0.46484282616302
0.52109638677361
0.53412122338918
0.48895783010126
0.56345270758708
0.43255264727551
0.51760427470391
0.54207111889595
0.55210486760084
0.52333723207056
0.55380835903815
0.5158601351381
0.51151941914155
0.52011976764098
0.44140304441129
0.43430711656773
0.52634116790226
0.57480170739304
0.44986387417857
0.53131049775328
0.48419287909198
0.47327610839641
0.52169710742962
0.44323349525412
0.42891862543378
0.50819359998333
0.48667031018588
0.39314641784708
0.51984745267761
0.55135664148728
0.42249534401574
0.5089159286099
0.48431747734313
0.45919483396661
0.48754465322943
0.52699305916978
0.57505918938996
0.50406043151022
0.47711760905045
0.5303127943298
0.50466473411675
0.52117804613789
0.42473509949522
0.5489130155178
0.51096755470979
0.50766979745613
0.41228834088063
0.46296011276041
0.51986142209555
0.51485889879228
0.48428983022537
0.54935060082273
0.55390578759776
0.41181651389645
0.51751764220378
0.48038115639938
0.60197623945615
0.50458745762706
0.51310331876401
0.54917788453949
0.53861930006305
0.43262443023382
0.53405528076552
0.44469797988194
0.50559727225008
0.42016033251178
0.4830963390291
0.54386293384093
0.46525260675612
0.50339262691232
0.56349051306484
0.50223736728083
Case #11:
0.45
0.26203703703704
0.57175925925926
0.34490740740741
0.5
0.75
0.19444444444444
0.64583333333333
0.3125
0.471875
0.18055555555556
0.38888888888889
0.5625
0.33333333333333
0.53993055555556
0.66145833333333
0.45416666666667
0.44907407407407
0.58333333333333
0.75104166666667
0.3375
0.45833333333333
0.22708333333333
0.3125
0.325
0.43333333333333
0.41041666666667
0.48958333333333
0.51892361111111
0.22916666666667
0.35300925925926
0.32291666666667
0.39583333333333
0.64305555555556
0.54166666666667
0.42638888888889
0.89826388888889
0.62708333333333
0.50416666666667
0.740625
0.63402777777778
0.38888888888889
0.71875
0.43263888888889
0.36527777777778
0.69583333333333
0.49166666666667
0.48333333333333
0.72152777777778
0.14583333333333
0.54166666666667
0.54861111111111
0.19583333333333
0.22916666666667
0.76041666666667
0.55555555555556
0.490625
0.9375
0.55625
0.58611111111111
0.64444444444444
0.63958333333333
0.40277777777778
0.62916666666667
0.453125
0.24670138888889
0.57413194444444
0.50694444444444
0.40902777777778
0.70833333333333
0.55208333333333
0.59722222222222
Case #12:
0.5
0.5
0.5
0.5
0.5
0.5
0.5
0.5
0.5
0.5
0.5
0.5
0.5
0.5
0.5
0.5
0.5
0.5
0.5
0.5
0.5
0.5
0.5
0.5
0.5
0.5
0.5
0.5
0.5
0.5
0.5
0.5
0.5
0.5
0.5
0.5
0.5
0.5
0.5
0.5
0.5
0.5
0.5
0.5
0.5
0.5
0.5
0.5
0.5
0.5
0.5
0.5
0.5
0.5
0.5
0.5
0.5
0.5
0.5
0.5
0.5
0.5
0.5
0.5
0.5
0.5
0.5
0.5
0.5
0.5
0.5
0.5
0.5
0.5
0.5
0.5
0.5
0.5
0.5
0.5
0.5
0.5
0.5
0.5
0.5
0.5
0.5
0.5
0.5
0.5
0.5
0.5
0.5
0.5
0.5
0.5
0.5
0.5
0.5
Case #13:
0.53283157321849
0.50441484592163
0.47491968150642
0.54140164028681
0.50835539270454
0.4868432718497
0.50712504667472
0.51616443331289
0.47728594599943
0.54397712908365
0.54841727107449
0.52447520119543
0.49621082778093
0.54885090130072
0.45738312971045
0.47634986850828
0.40698185821463
0.53674349422874
0.49122496168082
0.48701886668587
0.41505569510441
0.43421658867296
0.53403172773735
0.50028732060979
0.47884552471347
0.52283987895883
0.52932856000739
0.55376122503449
0.45183767291529
0.48486546452957
0.46062963210337
0.41679447052042
0.49668937572758
0.5643296437351
0.4503397022864
0.55032647676138
0.51911255402667
0.41306206192839
0.55001473899332
0.54977301190269
0.5102533452459
0.45644631674516
0.55216462318635
0.52148004107066
0.47880116501835
0.5794959062728
0.51288844852872
0.43675404436759
0.50173131906302
0.48872921939875
0.53969843822626
0.54241319335371
0.45479604328084
0.5501381232669
0.48862226754272
0.53262194130152
0.42995172507436
0.4257314421458
0.51381819957516
0.51076510802636
0.52596611751851
0.53880735379472
0.39354162074111
0.52817349715708
0.50698256340883
0.51641422961547
0.51325678105652
0.56168497066885
0.55694703474196
0.53396280469149
0.48602969482819
0.53129089099839
0.56374472907262
0.39436695665488
0.53523272466455
0.4815606084746
0.5094332110592
0.49588910478686
0.49236989858743
0.39736408609372
0.53741549409689
0.49152254009637
0.55562724482734
0.58454504017267
0.43210701027195
0.5068082916891
0.51532649376995
0.49222062417584
0.5651670875746
0.46765372569619
0.46002667733827
0.4564249811096
0.45564764642933
0.50851068547362
0.53512624631685
0.48087089656443
0.50458175841425
0.47524599715693
0.42591747104336
0.55776676436729
Case #14:
0.38762626262626
0.51388888888889
0.59722222222222
0.49621212121212
0.4280303030303
0.58712121212121
0.5719696969697
0.46338383838384
0.45580808080808
0.53409090909091
0.46843434343434
0.47853535353535
0.41287878787879
0.43560606060606
0.60227272727273
0.50883838383838
0.40530303030303
0.41540404040404
0.48358585858586
0.57449494949495
0.55934343434343
0.59974747474747
0.53661616161616
0.56439393939394
0.39015151515152
0.4709595959596
0.54671717171717
0.41035353535354
0.44318181818182
0.51641414141414
0.49368686868687
0.48106060606061
0.47348484848485
0.625
0.42550505050505
0.5290404040404
0.62247474747475
0.61742424242424
0.50126262626263
0.59469696969697
0.45833333333333
0.56691919191919
0.48863636363636
0.61237373737374
0.50378787878788
0.61994949494949
0.60479797979798
0.41792929292929
0.38510101010101
0.55176767676768
0.52146464646465
0.43308080808081
0.40277777777778
0.44065656565657
0.56944444444444
0.43055555555556
0.49873737373737
0.48611111111111
0.53914141414141
0.56186868686869
0.51893939393939
0.59217171717172
0.40025252525253
0.51136363636364
0.39520202020202
0.43813131313131
0.61489898989899
0.37752525252525
0.50631313131313
0.44570707070707
0.45075757575758
0.54166666666667
0.49116161616162
0.46085858585859
0.4229797979798
0.58459595959596
0.52651515151515
0.53156565656566
0.54419191919192
0.46590909090909
0.5239898989899
0.44823232323232
0.58964646464646
0.42045454545455
0.39772727272727
0.55429292929293
0.55681818181818
0.57954545454545
0.60732323232323
0.60984848484848
0.58207070707071
0.375
0.54924242424242
0.40782828282828
0.38005050505051
0.45328282828283
0.39267676767677
0.5770202020202
0.4760101010101
0.38257575757576
Case #15:
0.53399348422497
0.49813657407407
0.49275548696845
0.39664780521262
0.57247685185185
0.42049768518519
0.4588048696845
0.57247685185185
0.49681712962963
0.52247685185185
0.52313657407407
Case #16:
0.53228528030611
0.36398587633707
0.4878339803935
0.60941876245448
0.56228242771522
0.42707341269841
0.57798285543821
0.63649775282588
0.54049023332167
0.46366809581896
0.58363442884276
0.31732716192538
0.61570471938776
0.56542294114616
0.44440066588504
0.51034075877826
0.4843901340298
0.4712805671511
0.56677042707706
0.53248267109874
0.3550974010636
0.6146396189789
0.50955109126984
0.52537247474747
0.68713711185933
0.43107439426388
0.39244558682059
0.63926642416226
0.52942600052554
0.49396782645565
0.46304590394612
0.49676244803477
0.49996840094062
0.54192100478085
0.55998576199056
0.4233215222528
0.41240812079602
0.4542377860235
0.44368375311557
0.41662410000301
0.43793219181612
0.72846055009204
0.46083859130726
0.41253819611458
0.35105276526195
0.49101410934744
0.61066017316017
0.7573106499018
0.47862140215935
0.38724839630718
0.56133449112616
0.53998711708108
0.33143474002849
0.36419828600632
0.52931490500241
0.43425643910763
0.59959777945269
0.58005398498795
0.59144620811287
0.54096133958634
0.5974659541847
0.42433350910711
0.54486642335105
0.52340830498866
0.33193839686548
0.4986966765873
0.45456149791566
0.52752353466639
0.40161338045255
0.51852636340732
0.39438735024207
0.43876999874024
0.55840916476401
0.65893558601892
0.55076042096131
0.44563028599487
0.50258831190304
0.54315714031339
0.4489413802137
0.44146541950113
0.50420078763829
0.55581879469859
0.40208293473639
0.59855552406148
0.50465760030864
0.31415816326531
0.62982302295918
0.55626473063973
0.46173683119864
0.50094600340136
0.47491267141777
0.60590273028889
0.46142943990166
Case #17:
0.45833333333333
0.375
0.54166666666667
0.625
Case #18:
0.37813407480087
0.43973630062785
0.46414820393565
0.43557166464623
0.4765346868526
0.44637280687206
0.5628607782017
0.53059844980617
0.51586284992854
0.52854745608289
0.5064457276355
0.54651038248138
0.52658978529519
0.49802580756424
0.55940073252295
0.48719540544677
0.53666682345912
0.41260961625834
0.49692190108031
0.41547965501562
0.5522371953463
0.4842408678173
0.50094907963227
0.55764886063298
0.52235918126469
0.48951514513547
0.56244168296399
0.51210120363364
0.50382249832205
0.53105879990725
0.50847690648683
0.36537501587566
0.59505889285409
0.51651901951745
0.49111130791023
0.51658031116183
0.53398871436354
0.51005835169016
0.54670887816227
0.52841424712906
0.45141210350149
Case #19:
0.67857142857143
0.43849206349206
0.47418154761905
0.56994047619048
0.66168154761905
0.58876488095238
0.16597222222222
0.39397321428571
0.4952380952381
0.475
Case #20:
0.625
0.62247474747475
0.61994949494949
0.61742424242424
0.61489898989899
0.61237373737374
0.60984848484848
0.60732323232323
0.60479797979798
0.60227272727273
0.59974747474747
0.59722222222222
0.59469696969697
0.59217171717172
0.58964646464646
0.58712121212121
0.58459595959596
0.58207070707071
0.57954545454545
0.5770202020202
0.57449494949495
0.5719696969697
0.56944444444444
0.56691919191919
0.56439393939394
0.56186868686869
0.55934343434343
0.55681818181818
0.55429292929293
0.55176767676768
0.54924242424242
0.54671717171717
0.54419191919192
0.54166666666667
0.53914141414141
0.53661616161616
0.53409090909091
0.53156565656566
0.5290404040404
0.52651515151515
0.5239898989899
0.52146464646465
0.51893939393939
0.51641414141414
0.51388888888889
0.51136363636364
0.50883838383838
0.50631313131313
0.50378787878788
0.50126262626263
0.49873737373737
0.49621212121212
0.49368686868687
0.49116161616162
0.48863636363636
0.48611111111111
0.48358585858586
0.48106060606061
0.47853535353535
0.4760101010101
0.47348484848485
0.4709595959596
0.46843434343434
0.46590909090909
0.46338383838384
0.46085858585859
0.45833333333333
0.45580808080808
0.45328282828283
0.45075757575758
0.44823232323232
0.44570707070707
0.44318181818182
0.44065656565657
0.43813131313131
0.43560606060606
0.43308080808081
0.43055555555556
0.4280303030303
0.42550505050505
0.4229797979798
0.42045454545455
0.41792929292929
0.41540404040404
0.41287878787879
0.41035353535354
0.40782828282828
0.40530303030303
0.40277777777778
0.40025252525253
0.39772727272727
0.39520202020202
0.39267676767677
0.39015151515152
0.38762626262626
0.38510101010101
0.38257575757576
0.38005050505051
0.37752525252525
0.375