Case #1:
0.5
0.5
0.5
Case #2:
0.64583333333333
0.36805555555556
0.60416666666667
0.39583333333333
Case #3:
0.64583333333333
0.49074074074074
0.38975694444444
0.40740740740741
0.61371527777778
Case #4:
0.625
0.59722222222222
0.56944444444444
0.54166666666667
0.51388888888889
0.48611111111111
0.45833333333333
0.43055555555556
0.40277777777778
0.375
Case #5:
0.55186677217183
0.46720988047997
0.59543119331066
0.48635824121315
0.49263114471979
0.57680489755426
0.50799049567744
0.35285423752834
0.38045634920635
0.48863157242063
Case #6:
0.5
0.5
0.5
0.5
0.5
0.5
0.5
0.5
0.5
Case #7:
0.45833333333333
0.54166666666667
0.25
0.75
Case #8:
0.5
0.625
0.375
Case #9:
0.39583333333333
0.36805555555556
0.60416666666667
0.64583333333333
Case #10:
0
0.1875
0.25
0.5
0.75
0.8125
1
Case #11:
0.31076388888889
0.37934027777778
0.47222222222222
0.48133680555556
0.66710069444444
0.71354166666667
0.40763888888889
0.52994791666667
Case #12:
0.31875
0.45833333333333
0.70277777777778
0.54166666666667
0.45798611111111
0.48090277777778
0.56090277777778
0.54166666666667
0.50842013888889
0.45833333333333
Case #13:
0.50694444444444
0.45833333333333
0.34027777777778
0.54166666666667
0.375
0.47916666666667
0.72916666666667
0.60416666666667
Case #14:
0.43873263888889
0.55949962797619
0.38492134353741
0.44102678571429
0.47021349611273
0.52057663690476
0.62066964285714
0.45867984693878
0.55843021137026
Case #15:
0.21527777777778
0.38194444444444
0.45833333333333
0.42708333333333
0.45833333333333
0.65451388888889
0.40104166666667
0.59548611111111
0.55208333333333
0.6484375
Case #16:
0.70833333333333
0.66666666666667
0.083333333333333
0.25
0.70833333333333
0.5
Case #17:
0.54166666666667
0.625
0.79166666666667
0.20833333333333
0.52083333333333
0.23958333333333
Case #18:
0.705
0.438125
0.60425
0.42106481481481
0.59855555555556
0.3665625
0.39032407407407
0.45086805555556
0.52877314814815
0.5615
Case #19:
0.625
0.69444444444444
0.36574074074074
0.38888888888889
0.55092592592593
0.375
Case #20:
0.51388888888889
0.40277777777778
0.54166666666667
0.45833333333333
0.48611111111111
0.56944444444444
0.625
0.375
0.59722222222222
0.43055555555556