Case #1: [E, A]
Case #2: [R, I, R]
Case #3: [F, D, T]
Case #4: [Z, E, R, A]
Case #5: []
Case #6: [R, R, B]
Case #7: [G, S, W, F, A, E, E, F, Q]
Case #8: [Q, S, S, R, S, N, E, E, F]
Case #9: [T, D, T, A, Q, S, Q, F]
Case #10: [A, S, W, A, T]
Case #11: [A, W, A, R, E, N, E, S, S]
Case #12: [K, R, F, Q, K, R, R, E]
Case #13: [W, K, F, S]
Case #14: [A, D, A, Q, J, W, S, J]
Case #15: [E, D, S, Y, S, E, S, E, E]
Case #16: [Z, Z, Z, Z, Z]
Case #17: []
Case #18: [R, E, R, Q, A, D, W, P, A]
Case #19: []
Case #20: [X, W, F, S]
Case #21: [A, A, A, A, A, A, A, A, A, A]
Case #22: [M, E, S, F, A]
Case #23: [Q, S, F, W, W, E, W, Q, C]
Case #24: []
Case #25: [W, D, S, P]
Case #26: [V, D, W, S, S]
Case #27: [A, E, D, D, W, S, H, Q, D]
Case #28: [A, Q, A, W, W, W, M, D, D]
Case #29: [Q, E, W]
Case #30: [V, E, A, S, V, A, A, R]
Case #31: [B, Q, S, A, A, W, Q, F, A]
Case #32: [D, D, N, S, F, S, W, Q, A]
Case #33: [Z, Q, Z, D, D, D, S, W]
Case #34: [R, D, D]
Case #35: []
Case #36: [A, S, G, D, A]
Case #37: []
Case #38: [I]
Case #39: [A, S, S, Q, Q, S, A, B, W]
Case #40: [F, H, D, W, R, E, R, S, W]
Case #41: [W, P, P, D, S, R, S, D]
Case #42: [W, R, S, I, R, E, S, W, D]
Case #43: [E, W, S, W, Q, V, E]
Case #44: []
Case #45: [A, A, S, I, E, S, S, E, F]
Case #46: [F, D, A, R, E, D, J, A, W]
Case #47: [F, M, W, R]
Case #48: [W, D, A, I, S, W]
Case #49: [R, E, R, Q, R, T, W, R, Q]
Case #50: [A, S, Q, A, A, E, L, A, S]
Case #51: [M, E, M, E, E, S, R, S]
Case #52: [F]
Case #53: [G, G, D, A, G, E, Q]
Case #54: [L, D, D]
Case #55: [F, E]
Case #56: [R, R, R]
Case #57: [F, S, Y, E, D, E, S, D, R]
Case #58: [T, T, W, R, Q, D, A, Q]
Case #59: [D, E, A, F, D, E, A, R, S]
Case #60: [R, E, Y, R, A, E, E, Q, A]
Case #61: [R, F, S, Q, W, B, Q, D, S]
Case #62: [W, A]
Case #63: [V, W, V, Q, Q, W, R, A]
Case #64: [W, E, E, F, F, F, S, R, M]
Case #65: [D, O, E, S]
Case #66: [W, D, J, E, A, D, D, W, R]
Case #67: [S, F, F, A, F]
Case #68: [D, F]
Case #69: [A, Q, R]
Case #70: [R, A, F, S, G, R, A, S, Q]
Case #71: [D]
Case #72: [D, R, P, P, S]
Case #73: [B, B, E]
Case #74: [Q, S]
Case #75: [Z, W, E, Z, E]
Case #76: [H, A, R, Q, Q, F, S, S, Q]
Case #77: [E, Q, D, F, Q, T, R, D, D]
Case #78: [S, Y, R]
Case #79: [E, D]
Case #80: [Q, Q, W, E, R, G, D, F, S]
Case #81: [F, Q, D, Q, W, U, A, A, A]
Case #82: [A, R, W, F]
Case #83: [S, W, A, Q, R, N, A, N]
Case #84: [R, Q, D, W, W, M, R, A, Q]
Case #85: [T, E, E, S, E, S, F, W, F]
Case #86: [T, S, A, Q, D]
Case #87: [D, N, F, Q, N, Q, S, A]
Case #88: [D, J, R, D, F, J, S, F]
Case #89: [Q, L, Q, S]
Case #90: [W, E, D, S, D, A, F, F]
Case #91: [S, S, F, S, Z, D]
Case #92: [A, J, E, A, S, A, S, R, Q]
Case #93: [E, F, W, Z, E, E, Q, E, W]
Case #94: [D, Q, Q, A, R, D, F]
Case #95: [A, H, A, W, D, D, D, W, A]
Case #96: [S, D, F, E, F, E, F]
Case #97: [E, Q, E, W, Q, F, W, J, S]
Case #98: [W]
Case #99: [D, D]
Case #100: [R, Q]